# JRE version: Java(TM) SE Runtime Environment (11.0.6+8) (build 11.0.6+8-LTS)
# Java VM: Java HotSpot(TM) 64-Bit Server VM (11.0.6+8-LTS, mixed mode, tiered, compressed oops, parallel gc, windows-amd64)
Heap:
 PSYoungGen      total 15360K, used 14912K [0x00000000eab00000, 0x00000000ec000000, 0x0000000100000000)
  eden space 12288K, 100% used [0x00000000eab00000,0x00000000eb700000,0x00000000eb700000)
  from space 3072K, 85% used [0x00000000ebd00000,0x00000000ebf90000,0x00000000ec000000)
  to   space 3584K, 94% used [0x00000000eb900000,0x00000000ebc4c010,0x00000000ebc80000)
 ParOldGen       total 187392K, used 153872K [0x00000000c0000000, 0x00000000cb700000, 0x00000000eab00000)
  object space 187392K, 82% used [0x00000000c0000000,0x00000000c9644068,0x00000000cb700000)
 Metaspace       used 86385K, capacity 89947K, committed 90112K, reserved 1130496K
  class space    used 7830K, capacity 9105K, committed 9216K, reserved 1048576K
GC Heap History (10 events):
Event: 6698.691 GC heap after
{Heap after GC invocations=6917 (full 66):
 PSYoungGen      total 18432K, used 5720K [0x00000000eab00000, 0x00000000ec680000, 0x0000000100000000)
  eden space 12288K, 0% used [0x00000000eab00000,0x00000000eab00000,0x00000000eb700000)
  from space 6144K, 93% used [0x00000000ec080000,0x00000000ec616390,0x00000000ec680000)
  to   space 6656K, 0% used [0x00000000eb980000,0x00000000eb980000,0x00000000ec000000)
 ParOldGen       total 187392K, used 152328K [0x00000000c0000000, 0x00000000cb700000, 0x00000000eab00000)
  object space 187392K, 81% used [0x00000000c0000000,0x00000000c94c2208,0x00000000cb700000)
 Metaspace       used 86385K, capacity 89947K, committed 90112K, reserved 1130496K
  class space    used 7830K, capacity 9105K, committed 9216K, reserved 1048576K
}
Event: 6698.726 GC heap before
{Heap before GC invocations=6918 (full 66):
 PSYoungGen      total 18432K, used 18008K [0x00000000eab00000, 0x00000000ec680000, 0x0000000100000000)
  eden space 12288K, 100% used [0x00000000eab00000,0x00000000eb700000,0x00000000eb700000)
  from space 6144K, 93% used [0x00000000ec080000,0x00000000ec616390,0x00000000ec680000)
  to   space 6656K, 0% used [0x00000000eb980000,0x00000000eb980000,0x00000000ec000000)
 ParOldGen       total 187392K, used 152328K [0x00000000c0000000, 0x00000000cb700000, 0x00000000eab00000)
  object space 187392K, 81% used [0x00000000c0000000,0x00000000c94c2208,0x00000000cb700000)
 Metaspace       used 86385K, capacity 89947K, committed 90112K, reserved 1130496K
  class space    used 7830K, capacity 9105K, committed 9216K, reserved 1048576K
}
Event: 6698.730 GC heap after
{Heap after GC invocations=6918 (full 66):
 PSYoungGen      total 15872K, used 3152K [0x00000000eab00000, 0x00000000ec100000, 0x0000000100000000)
  eden space 12288K, 0% used [0x00000000eab00000,0x00000000eab00000,0x00000000eb700000)
  from space 3584K, 87% used [0x00000000eb980000,0x00000000ebc94010,0x00000000ebd00000)
  to   space 4096K, 0% used [0x00000000ebd00000,0x00000000ebd00000,0x00000000ec100000)
 ParOldGen       total 187392K, used 152328K [0x00000000c0000000, 0x00000000cb700000, 0x00000000eab00000)
  object space 187392K, 81% used [0x00000000c0000000,0x00000000c94c2208,0x00000000cb700000)
 Metaspace       used 86385K, capacity 89947K, committed 90112K, reserved 1130496K
  class space    used 7830K, capacity 9105K, committed 9216K, reserved 1048576K
}
Event: 6699.070 GC heap before
{Heap before GC invocations=6919 (full 66):
 PSYoungGen      total 15872K, used 15439K [0x00000000eab00000, 0x00000000ec100000, 0x0000000100000000)
  eden space 12288K, 99% used [0x00000000eab00000,0x00000000eb6ffc68,0x00000000eb700000)
  from space 3584K, 87% used [0x00000000eb980000,0x00000000ebc94010,0x00000000ebd00000)
  to   space 4096K, 0% used [0x00000000ebd00000,0x00000000ebd00000,0x00000000ec100000)
 ParOldGen       total 187392K, used 152328K [0x00000000c0000000, 0x00000000cb700000, 0x00000000eab00000)
  object space 187392K, 81% used [0x00000000c0000000,0x00000000c94c2208,0x00000000cb700000)
 Metaspace       used 86385K, capacity 89947K, committed 90112K, reserved 1130496K
  class space    used 7830K, capacity 9105K, committed 9216K, reserved 1048576K
}
Event: 6699.072 GC heap after
{Heap after GC invocations=6919 (full 66):
 PSYoungGen      total 15872K, used 3296K [0x00000000eab00000, 0x00000000ec080000, 0x0000000100000000)
  eden space 12288K, 0% used [0x00000000eab00000,0x00000000eab00000,0x00000000eb700000)
  from space 3584K, 91% used [0x00000000ebd00000,0x00000000ec038000,0x00000000ec080000)
  to   space 3584K, 0% used [0x00000000eb980000,0x00000000eb980000,0x00000000ebd00000)
 ParOldGen       total 187392K, used 152328K [0x00000000c0000000, 0x00000000cb700000, 0x00000000eab00000)
  object space 187392K, 81% used [0x00000000c0000000,0x00000000c94c2208,0x00000000cb700000)
 Metaspace       used 86385K, capacity 89947K, committed 90112K, reserved 1130496K
  class space    used 7830K, capacity 9105K, committed 9216K, reserved 1048576K
}
Event: 6699.678 GC heap before
{Heap before GC invocations=6920 (full 66):
 PSYoungGen      total 15872K, used 15584K [0x00000000eab00000, 0x00000000ec080000, 0x0000000100000000)
  eden space 12288K, 100% used [0x00000000eab00000,0x00000000eb700000,0x00000000eb700000)
  from space 3584K, 91% used [0x00000000ebd00000,0x00000000ec038000,0x00000000ec080000)
  to   space 3584K, 0% used [0x00000000eb980000,0x00000000eb980000,0x00000000ebd00000)
 ParOldGen       total 187392K, used 152328K [0x00000000c0000000, 0x00000000cb700000, 0x00000000eab00000)
  object space 187392K, 81% used [0x00000000c0000000,0x00000000c94c2208,0x00000000cb700000)
 Metaspace       used 86385K, capacity 89947K, committed 90112K, reserved 1130496K
  class space    used 7830K, capacity 9105K, committed 9216K, reserved 1048576K
}
Event: 6699.682 GC heap after
{Heap after GC invocations=6920 (full 66):
 PSYoungGen      total 15872K, used 3568K [0x00000000eab00000, 0x00000000ec000000, 0x0000000100000000)
  eden space 12288K, 0% used [0x00000000eab00000,0x00000000eab00000,0x00000000eb700000)
  from space 3584K, 99% used [0x00000000eb980000,0x00000000ebcfc010,0x00000000ebd00000)
  to   space 3072K, 0% used [0x00000000ebd00000,0x00000000ebd00000,0x00000000ec000000)
 ParOldGen       total 187392K, used 152813K [0x00000000c0000000, 0x00000000cb700000, 0x00000000eab00000)
  object space 187392K, 81% used [0x00000000c0000000,0x00000000c953b788,0x00000000cb700000)
 Metaspace       used 86385K, capacity 89947K, committed 90112K, reserved 1130496K
  class space    used 7830K, capacity 9105K, committed 9216K, reserved 1048576K
}
Event: 6700.500 GC heap before
{Heap before GC invocations=6921 (full 66):
 PSYoungGen      total 15872K, used 15848K [0x00000000eab00000, 0x00000000ec000000, 0x0000000100000000)
  eden space 12288K, 99% used [0x00000000eab00000,0x00000000eb6fe098,0x00000000eb700000)
  from space 3584K, 99% used [0x00000000eb980000,0x00000000ebcfc010,0x00000000ebd00000)
  to   space 3072K, 0% used [0x00000000ebd00000,0x00000000ebd00000,0x00000000ec000000)
 ParOldGen       total 187392K, used 152813K [0x00000000c0000000, 0x00000000cb700000, 0x00000000eab00000)
  object space 187392K, 81% used [0x00000000c0000000,0x00000000c953b788,0x00000000cb700000)
 Metaspace       used 86385K, capacity 89947K, committed 90112K, reserved 1130496K
  class space    used 7830K, capacity 9105K, committed 9216K, reserved 1048576K
}
Event: 6700.503 GC heap after
{Heap after GC invocations=6921 (full 66):
 PSYoungGen      total 15360K, used 2624K [0x00000000eab00000, 0x00000000ec000000, 0x0000000100000000)
  eden space 12288K, 0% used [0x00000000eab00000,0x00000000eab00000,0x00000000eb700000)
  from space 3072K, 85% used [0x00000000ebd00000,0x00000000ebf90000,0x00000000ec000000)
  to   space 3584K, 0% used [0x00000000eb900000,0x00000000eb900000,0x00000000ebc80000)
 ParOldGen       total 187392K, used 153872K [0x00000000c0000000, 0x00000000cb700000, 0x00000000eab00000)
  object space 187392K, 82% used [0x00000000c0000000,0x00000000c9644068,0x00000000cb700000)
 Metaspace       used 86385K, capacity 89947K, committed 90112K, reserved 1130496K
  class space    used 7830K, capacity 9105K, committed 9216K, reserved 1048576K
}
Event: 6700.727 GC heap before
{Heap before GC invocations=6922 (full 66):
 PSYoungGen      total 15360K, used 14912K [0x00000000eab00000, 0x00000000ec000000, 0x0000000100000000)
  eden space 12288K, 100% used [0x00000000eab00000,0x00000000eb700000,0x00000000eb700000)
  from space 3072K, 85% used [0x00000000ebd00000,0x00000000ebf90000,0x00000000ec000000)
  to   space 3584K, 0% used [0x00000000eb900000,0x00000000eb900000,0x00000000ebc80000)
 ParOldGen       total 187392K, used 153872K [0x00000000c0000000, 0x00000000cb700000, 0x00000000eab00000)
  object space 187392K, 82% used [0x00000000c0000000,0x00000000c9644068,0x00000000cb700000)
 Metaspace       used 86385K, capacity 89947K, committed 90112K, reserved 1130496K
  class space    used 7830K, capacity 9105K, committed 9216K, reserved 1048576K
}

